2022-02-26 22:40:43 ACM_COVID_MLC

  {'title': 'Covid-19 Risk Assessment using Twitter, Metropolitan Statistical '
            'Areas, USA',
   'Subject': 'Temporal Patterns',
   'filename_suffix': 'COVID_MLC',
   'variables': ['Confirmed Rate', 'Death Rate',
                 'The Number of Visits from Outside to Inside of the selected '
                 'MSA'],
   'NumOfMaps': 2,
   'InitialLayers': ['2020-04-19_Confirmed Rate', '2020-11-01_Confirmed Rate'],
   'Initial_map_center': [37, -97],
   'Initial_map_zoom_level': 4,
   'Map_width': '650px',
   'Top10_Chart': True,
   'Multiple_Line_Chart': True,
   'NumOfMLC': 3,
   'titlesOfMLC': ['1. COVID-19 Confirmed Cases (/100k pop)',
                   '2. COVID-19 Death Cases (/100k pop)',
                   '3. The Number of Visitors'],
   'DefaultRegion_MLC': '35620',
   'NumOfCLC': 46,
   'labels': ['Confirmed Rate', 'Death Rate',
              'The Number of Visits from Outside to Inside of the selected MSA']}