2022-03-07 05:29:58 ACM_Census_PCP

  {'title': 'Adaptive Choropleth Mapper with Paralle Coordinate Plot',
   'filename_suffix': 'Census_PCP',
   'variables': ['p_nonhisp_white_persons', 'p_nonhisp_black_persons',
                 'p_hispanic_persons', 'p_asian_persons',
                 'p_employed_manufacturing', 'p_poverty_rate',
                 'p_foreign_born_pop', 'p_persons_under_18', 'p_persons_over_60',
                 'p_edu_college_greater', 'p_unemployment_rate',
                 'p_employed_professional', 'p_vacant_housing_units',
                 'p_owner_occupied_units', 'p_housing_units_multiunit_structures',
                 'median_home_value', 'p_structures_30_old',
                 'p_household_recent_move'],
   'shortLabelCSV': 'attributes/LTDB_ShortLabel.csv',
   'NumOfMaps': 3,
   'Map_width': '370px',
   'Map_height': '350px',
   'Top10_Chart': True,
   'Parallel_Coordinates_Plot': True,
   'NumOfPCP': 10,
   'InitialVariablePCP': ['2010_% white (non-Hispanic)',
                          '2010_% black (non-Hispanic)', '2010_% Hispanic',
                          '2010_% Asian & PI race',
                          '2010_% professional employees',
                          '2010_% manufacturing employees', '2010_% in poverty',
                          '2010_% foreign born', '2010_% 17 and under (total)',
                          '2010_% 60 and older']}