2022-02-26 22:59:27 ACM_LA_Scatter

  {'title': 'Adaptive Choropleth Mapper with Scatter Plot',
   'filename_suffix': 'LA_Scatter',
   'label': 'short_name',
   'variables': ['p_nonhisp_white_persons', 'p_nonhisp_black_persons',
                 'p_hispanic_persons', 'p_asian_persons', 'p_foreign_born_pop',
                 'p_edu_college_greater', 'p_unemployment_rate',
                 'p_employed_manufacturing', 'p_poverty_rate',
                 'p_vacant_housing_units', 'p_owner_occupied_units',
                 'p_housing_units_multiunit_structures', 'median_home_value',
                 'p_structures_30_old', 'p_household_recent_move',
                 'p_persons_under_18', 'p_persons_over_60'],
   'Map_width': '450px',
   'Map_height': '450px',
   'Scatter_Plot': True,
   'NumOfCLC': 1,
   'labels': ['% white (non-Hispanic)', '% black (non-Hispanic)', '% Hispanic',
              '% Asian & PI race', '% foreign born',
              '% with 4-year college degree or more', '% unemployed',
              '% manufacturing employees', '% in poverty', '% vacant units',
              '% owner-occupied units', '% multi-family units',
              'Median home value', '% structures more than 30 years old',
              '% HH in neighborhood 10 years or less', '% 17 and under (total)',
              '% 60 and older']}